# Logfile created on 2018-07-14 09:48:05 +0900 by logger.rb/61378
I, [2018-07-14T09:48:05.029190 #32931]  INFO -- : 天気記録開始
I, [2018-07-14T09:48:05.363469 #32931]  INFO -- : 処理終了
I, [2018-07-14T10:34:10.684563 #33577]  INFO -- : 天気記録開始
I, [2018-07-14T10:34:11.028595 #33577]  INFO -- : 処理終了
I, [2018-07-14T10:34:20.675821 #33591]  INFO -- : 通知処理開始
I, [2018-07-14T10:34:21.418956 #33591]  INFO -- : 通知処理終了
I, [2018-07-14T10:38:00.047065 #33622]  INFO -- : 天気記録開始
I, [2018-07-14T10:38:00.355500 #33622]  INFO -- : 処理終了
I, [2018-07-14T10:38:47.023573 #33642]  INFO -- : 通知処理開始
I, [2018-07-14T10:38:47.705954 #33642]  INFO -- : 通知処理終了
I, [2018-07-14T10:40:11.850376 #33659]  INFO -- : 通知処理開始
I, [2018-07-14T10:41:01.193352 #33659]  INFO -- : 通知処理終了
I, [2018-07-14T10:41:04.966781 #33700]  INFO -- : 通知処理開始
I, [2018-07-14T10:42:32.085466 #33700]  INFO -- : 通知処理終了
I, [2018-07-14T10:43:25.254355 #33738]  INFO -- : 通知処理開始
I, [2018-07-14T10:43:25.729181 #33738]  INFO -- : 通知処理終了
I, [2018-07-14T10:43:50.665560 #33755]  INFO -- : 通知処理開始
I, [2018-07-14T10:43:51.114792 #33755]  INFO -- : 通知処理終了
I, [2018-07-14T10:52:23.780630 #33878]  INFO -- : 通知処理開始
I, [2018-07-14T10:52:24.712284 #33878]  INFO -- : 通知処理終了
I, [2018-07-14T10:57:07.172189 #33897]  INFO -- : 通知処理開始
I, [2018-07-14T10:57:07.814809 #33897]  INFO -- : 通知処理終了
I, [2018-07-14T10:57:53.262982 #33914]  INFO -- : 天気記録開始
I, [2018-07-14T10:57:53.554310 #33914]  INFO -- : 処理終了
I, [2018-07-14T10:57:57.558123 #33928]  INFO -- : 通知処理開始
I, [2018-07-14T10:57:58.016744 #33928]  INFO -- : 通知処理終了
I, [2018-07-14T10:58:27.576573 #33945]  INFO -- : 天気記録開始
I, [2018-07-14T10:58:27.778849 #33945]  INFO -- : 処理終了
I, [2018-07-14T10:58:51.608120 #33964]  INFO -- : 通知処理開始
I, [2018-07-14T10:58:52.069956 #33964]  INFO -- : 通知処理終了
I, [2018-07-14T11:06:14.671007 #33999]  INFO -- : 天気記録開始
I, [2018-07-14T11:06:14.973918 #33999]  INFO -- : 処理終了
I, [2018-07-14T11:20:52.101395 #34121]  INFO -- : 天気記録開始
I, [2018-07-14T11:20:52.508744 #34121]  INFO -- : 処理終了
I, [2018-07-14T16:48:15.276742 #34301]  INFO -- : 天気記録開始
I, [2018-07-14T16:48:16.746899 #34301]  INFO -- : 処理終了
I, [2018-07-14T16:54:15.431222 #34369]  INFO -- : 天気記録開始
I, [2018-07-14T16:54:16.199255 #34369]  INFO -- : 処理終了
I, [2018-07-14T17:54:35.171812 #35373]  INFO -- : 天気記録開始
I, [2018-07-14T17:54:35.497082 #35373]  INFO -- : 処理終了
