# Logfile created on 2018-08-04 11:33:37 +0900 by logger.rb/61378
I, [2018-08-04T11:33:37.300576 #81233]  INFO -- : 天気記録開始
I, [2018-08-04T11:33:37.621975 #81233]  INFO -- : 処理終了
I, [2018-08-04T11:34:49.075553 #81261]  INFO -- : 天気記録開始
I, [2018-08-04T11:34:49.276193 #81261]  INFO -- : 処理終了
I, [2018-08-04T11:35:36.676399 #81282]  INFO -- : 通知処理開始
I, [2018-08-04T11:35:37.337782 #81282]  INFO -- : 通知処理終了
I, [2018-08-04T11:35:56.125903 #81297]  INFO -- : 通知処理開始
I, [2018-08-04T11:35:56.837790 #81297]  INFO -- : 通知処理終了
I, [2018-08-04T11:36:17.579499 #81312]  INFO -- : 通知処理開始
I, [2018-08-04T11:36:18.060172 #81312]  INFO -- : 通知処理終了
I, [2018-08-04T11:36:42.526215 #81328]  INFO -- : 通知処理開始
I, [2018-08-04T11:36:43.019921 #81328]  INFO -- : 通知処理終了
I, [2018-08-04T11:37:11.237102 #81343]  INFO -- : 通知処理開始
I, [2018-08-04T11:37:11.932405 #81343]  INFO -- : 通知処理終了
I, [2018-08-04T11:37:24.631387 #81359]  INFO -- : 通知処理開始
I, [2018-08-04T11:37:25.119998 #81359]  INFO -- : 通知処理終了
I, [2018-08-04T11:37:49.817277 #81375]  INFO -- : 通知処理開始
I, [2018-08-04T11:37:50.295091 #81375]  INFO -- : 通知処理終了
I, [2018-08-04T11:37:58.572096 #81392]  INFO -- : 通知処理開始
I, [2018-08-04T11:37:59.041523 #81392]  INFO -- : 通知処理終了
I, [2018-08-04T11:38:06.544882 #81407]  INFO -- : 通知処理開始
I, [2018-08-04T11:38:07.022630 #81407]  INFO -- : 通知処理終了
I, [2018-08-04T11:38:12.133664 #81422]  INFO -- : 通知処理開始
I, [2018-08-04T11:38:12.873951 #81422]  INFO -- : 通知処理終了
I, [2018-08-04T19:31:48.247253 #82238]  INFO -- : 天気記録開始
