# Logfile created on 2018-07-07 09:37:42 +0900 by logger.rb/61378
I, [2018-07-07T09:37:42.080692 #12342]  INFO -- : 通知処理開始
I, [2018-07-07T09:37:42.775680 #12342]  INFO -- : 通知処理終了
I, [2018-07-07T09:38:46.882052 #12361]  INFO -- : 通知処理開始
I, [2018-07-07T09:38:47.355389 #12361]  INFO -- : 通知処理終了
I, [2018-07-07T11:09:03.567198 #17821]  INFO -- : 天気記録開始
I, [2018-07-07T11:09:03.872141 #17821]  INFO -- : 処理終了
I, [2018-07-07T11:09:11.617571 #17835]  INFO -- : 天気記録開始
I, [2018-07-07T11:09:11.818599 #17835]  INFO -- : 処理終了
I, [2018-07-07T11:09:14.051316 #17849]  INFO -- : 天気記録開始
I, [2018-07-07T11:09:14.253779 #17849]  INFO -- : 処理終了
I, [2018-07-07T11:09:16.458648 #17863]  INFO -- : 天気記録開始
I, [2018-07-07T11:09:16.659356 #17863]  INFO -- : 処理終了
I, [2018-07-07T16:48:09.053325 #23800]  INFO -- : 天気記録開始
I, [2018-07-07T16:52:18.739084 #23822]  INFO -- : 天気記録開始
I, [2018-07-07T16:52:41.258624 #23837]  INFO -- : 天気記録開始
I, [2018-07-07T16:52:56.829080 #23852]  INFO -- : 通知処理開始
I, [2018-07-07T16:54:43.604815 #23870]  INFO -- : 通知処理開始
I, [2018-07-07T19:57:34.395013 #23989]  INFO -- : 天気記録開始
I, [2018-07-07T19:57:34.637839 #23989]  INFO -- : 処理終了
