# Logfile created on 2018-07-12 09:59:46 +0900 by logger.rb/61378
I, [2018-07-12T09:59:46.184330 #30104]  INFO -- : 天気記録開始
I, [2018-07-12T09:59:46.513519 #30104]  INFO -- : 処理終了
I, [2018-07-12T10:00:50.578814 #30128]  INFO -- : 通知処理開始
I, [2018-07-12T10:00:51.336120 #30128]  INFO -- : 通知処理終了
I, [2018-07-12T11:23:36.001604 #31862]  INFO -- : 天気記録開始
I, [2018-07-12T11:23:54.282503 #31878]  INFO -- : 天気記録開始
I, [2018-07-12T11:39:55.489949 #31963]  INFO -- : 天気記録開始
I, [2018-07-12T11:40:24.886676 #31981]  INFO -- : 天気記録開始
I, [2018-07-12T11:40:25.441002 #31981]  INFO -- : 処理終了
I, [2018-07-12T16:48:12.240855 #32072]  INFO -- : 天気記録開始
I, [2018-07-12T16:48:12.501762 #32072]  INFO -- : 処理終了
I, [2018-07-12T16:48:17.750877 #32086]  INFO -- : 通知処理開始
I, [2018-07-12T16:48:18.267090 #32086]  INFO -- : 通知処理終了
I, [2018-07-12T16:49:17.163278 #32108]  INFO -- : 天気記録開始
I, [2018-07-12T16:49:17.380530 #32108]  INFO -- : 処理終了
I, [2018-07-12T16:58:30.945666 #32134]  INFO -- : 天気記録開始
I, [2018-07-12T16:58:31.170657 #32134]  INFO -- : 処理終了
I, [2018-07-12T17:01:13.149742 #32156]  INFO -- : 通知処理開始
I, [2018-07-12T17:01:13.639502 #32156]  INFO -- : 通知処理終了
I, [2018-07-12T17:01:29.219613 #32170]  INFO -- : 通知処理開始
I, [2018-07-12T17:01:29.657725 #32170]  INFO -- : 通知処理終了
I, [2018-07-12T17:01:48.933006 #32185]  INFO -- : 通知処理開始
I, [2018-07-12T17:01:49.392948 #32185]  INFO -- : 通知処理終了
I, [2018-07-12T17:02:19.334802 #32201]  INFO -- : 通知処理開始
I, [2018-07-12T17:02:19.795098 #32201]  INFO -- : 通知処理終了
I, [2018-07-12T17:03:23.265811 #32222]  INFO -- : 通知処理開始
I, [2018-07-12T17:03:23.695598 #32222]  INFO -- : 通知処理終了
I, [2018-07-12T17:03:32.411525 #32237]  INFO -- : 通知処理開始
I, [2018-07-12T17:03:32.837603 #32237]  INFO -- : 通知処理終了
I, [2018-07-12T17:03:34.744201 #32253]  INFO -- : 通知処理開始
I, [2018-07-12T17:03:35.188464 #32253]  INFO -- : 通知処理終了
I, [2018-07-12T17:03:36.797821 #32269]  INFO -- : 通知処理開始
I, [2018-07-12T17:03:37.255960 #32269]  INFO -- : 通知処理終了
I, [2018-07-12T17:03:38.454267 #32285]  INFO -- : 通知処理開始
I, [2018-07-12T17:03:38.876170 #32285]  INFO -- : 通知処理終了
I, [2018-07-12T17:03:48.662614 #32300]  INFO -- : 通知処理開始
I, [2018-07-12T17:03:49.103982 #32300]  INFO -- : 通知処理終了
I, [2018-07-12T17:03:49.160892 #32313]  INFO -- : 通知処理開始
I, [2018-07-12T17:03:49.627958 #32313]  INFO -- : 通知処理終了
I, [2018-07-12T17:03:56.693789 #32331]  INFO -- : 通知処理開始
I, [2018-07-12T17:03:57.042875 #32344]  INFO -- : 通知処理開始
I, [2018-07-12T17:03:57.129024 #32331]  INFO -- : 通知処理終了
I, [2018-07-12T17:03:57.717479 #32344]  INFO -- : 通知処理終了
I, [2018-07-12T17:04:07.749005 #32362]  INFO -- : 通知処理開始
I, [2018-07-12T17:04:08.066125 #32375]  INFO -- : 通知処理開始
I, [2018-07-12T17:04:08.202866 #32362]  INFO -- : 通知処理終了
I, [2018-07-12T17:04:08.533116 #32375]  INFO -- : 通知処理終了
I, [2018-07-12T17:04:18.831738 #32393]  INFO -- : 通知処理開始
I, [2018-07-12T17:04:19.299207 #32393]  INFO -- : 通知処理終了
I, [2018-07-12T17:04:22.781509 #32408]  INFO -- : 通知処理開始
I, [2018-07-12T17:04:23.230201 #32408]  INFO -- : 通知処理終了
